[2021-08-04 07:10:45,724] {taskinstance.py:876} INFO - Dependencies all met for <TaskInstance: example_bash_operator.runme_0 2021-08-03T00:00:00+00:00 [queued]>
[2021-08-04 07:10:45,733] {taskinstance.py:876} INFO - Dependencies all met for <TaskInstance: example_bash_operator.runme_0 2021-08-03T00:00:00+00:00 [queued]>
[2021-08-04 07:10:45,733] {taskinstance.py:1067} INFO - 
--------------------------------------------------------------------------------
[2021-08-04 07:10:45,733] {taskinstance.py:1068} INFO - Starting attempt 1 of 1
[2021-08-04 07:10:45,733] {taskinstance.py:1069} INFO - 
--------------------------------------------------------------------------------
[2021-08-04 07:10:45,754] {taskinstance.py:1087} INFO - Executing <Task(BashOperator): runme_0> on 2021-08-03T00:00:00+00:00
[2021-08-04 07:10:45,755] {standard_task_runner.py:52} INFO - Started process 1998 to run task
[2021-08-04 07:10:45,766] {standard_task_runner.py:76} INFO - Running: ['airflow', 'tasks', 'run', 'example_bash_operator', 'runme_0', '2021-08-03T00:00:00+00:00', '--job-id', '13', '--pool', 'default_pool', '--raw', '--subdir', '/home/airflow/sandbox/lib/python3.8/site-packages/airflow/example_dags/example_bash_operator.py', '--cfg-path', '/tmp/tmp8s_ml64t', '--error-file', '/tmp/tmpzcgrl1f3']
[2021-08-04 07:10:45,770] {standard_task_runner.py:77} INFO - Job 13: Subtask runme_0
[2021-08-04 07:10:45,806] {logging_mixin.py:104} INFO - Running <TaskInstance: example_bash_operator.runme_0 2021-08-03T00:00:00+00:00 [running]> on host airflowvm
[2021-08-04 07:10:45,847] {taskinstance.py:1280} INFO - Exporting the following env vars:
AIRFLOW_CTX_DAG_OWNER=airflow
AIRFLOW_CTX_DAG_ID=example_bash_operator
AIRFLOW_CTX_TASK_ID=runme_0
AIRFLOW_CTX_EXECUTION_DATE=2021-08-03T00:00:00+00:00
AIRFLOW_CTX_DAG_RUN_ID=scheduled__2021-08-03T00:00:00+00:00
[2021-08-04 07:10:45,847] {subprocess.py:52} INFO - Tmp dir root location: 
 /tmp
[2021-08-04 07:10:45,848] {subprocess.py:63} INFO - Running command: ['bash', '-c', 'echo "example_bash_operator__runme_0__20210803" && sleep 1']
[2021-08-04 07:10:45,851] {subprocess.py:75} INFO - Output:
[2021-08-04 07:10:45,853] {subprocess.py:79} INFO - example_bash_operator__runme_0__20210803
[2021-08-04 07:10:46,855] {subprocess.py:83} INFO - Command exited with return code 0
[2021-08-04 07:10:46,895] {taskinstance.py:1184} INFO - Marking task as SUCCESS. dag_id=example_bash_operator, task_id=runme_0, execution_date=20210803T000000, start_date=20210804T071045, end_date=20210804T071046
[2021-08-04 07:10:46,923] {taskinstance.py:1245} INFO - 0 downstream tasks scheduled from follow-on schedule check
[2021-08-04 07:10:46,951] {local_task_job.py:151} INFO - Task exited with return code 0
