[2021-08-04 07:13:27,032] {taskinstance.py:876} INFO - Dependencies all met for <TaskInstance: example_bash_operator.this_will_skip 2021-08-04T07:13:15.215984+00:00 [queued]>
[2021-08-04 07:13:27,042] {taskinstance.py:876} INFO - Dependencies all met for <TaskInstance: example_bash_operator.this_will_skip 2021-08-04T07:13:15.215984+00:00 [queued]>
[2021-08-04 07:13:27,043] {taskinstance.py:1067} INFO - 
--------------------------------------------------------------------------------
[2021-08-04 07:13:27,043] {taskinstance.py:1068} INFO - Starting attempt 1 of 1
[2021-08-04 07:13:27,043] {taskinstance.py:1069} INFO - 
--------------------------------------------------------------------------------
[2021-08-04 07:13:27,065] {taskinstance.py:1087} INFO - Executing <Task(BashOperator): this_will_skip> on 2021-08-04T07:13:15.215984+00:00
[2021-08-04 07:13:27,067] {standard_task_runner.py:52} INFO - Started process 2172 to run task
[2021-08-04 07:13:27,074] {standard_task_runner.py:76} INFO - Running: ['airflow', 'tasks', 'run', 'example_bash_operator', 'this_will_skip', '2021-08-04T07:13:15.215984+00:00', '--job-id', '24', '--pool', 'default_pool', '--raw', '--subdir', '/home/airflow/sandbox/lib/python3.8/site-packages/airflow/example_dags/example_bash_operator.py', '--cfg-path', '/tmp/tmp2eni6z3_', '--error-file', '/tmp/tmp1feid3a1']
[2021-08-04 07:13:27,075] {standard_task_runner.py:77} INFO - Job 24: Subtask this_will_skip
[2021-08-04 07:13:27,113] {logging_mixin.py:104} INFO - Running <TaskInstance: example_bash_operator.this_will_skip 2021-08-04T07:13:15.215984+00:00 [running]> on host airflowvm
[2021-08-04 07:13:27,152] {taskinstance.py:1280} INFO - Exporting the following env vars:
AIRFLOW_CTX_DAG_OWNER=airflow
AIRFLOW_CTX_DAG_ID=example_bash_operator
AIRFLOW_CTX_TASK_ID=this_will_skip
AIRFLOW_CTX_EXECUTION_DATE=2021-08-04T07:13:15.215984+00:00
AIRFLOW_CTX_DAG_RUN_ID=manual__2021-08-04T07:13:15.215984+00:00
[2021-08-04 07:13:27,153] {subprocess.py:52} INFO - Tmp dir root location: 
 /tmp
[2021-08-04 07:13:27,153] {subprocess.py:63} INFO - Running command: ['bash', '-c', 'echo "hello world"; exit 99;']
[2021-08-04 07:13:27,157] {subprocess.py:75} INFO - Output:
[2021-08-04 07:13:27,158] {subprocess.py:79} INFO - hello world
[2021-08-04 07:13:27,158] {subprocess.py:83} INFO - Command exited with return code 99
[2021-08-04 07:13:27,159] {taskinstance.py:1147} INFO - Bash command returned exit code 99. Skipping.
[2021-08-04 07:13:27,162] {taskinstance.py:1150} INFO - Marking task as SKIPPED. dag_id=example_bash_operator, task_id=this_will_skip, execution_date=20210804T071315, start_date=20210804T071327, end_date=
[2021-08-04 07:13:27,163] {taskinstance.py:1184} INFO - Marking task as SUCCESS. dag_id=example_bash_operator, task_id=this_will_skip, execution_date=20210804T071315, start_date=20210804T071327, end_date=20210804T071327
[2021-08-04 07:13:27,193] {taskinstance.py:1245} INFO - 0 downstream tasks scheduled from follow-on schedule check
[2021-08-04 07:13:27,227] {local_task_job.py:151} INFO - Task exited with return code 0
