[2021-08-04 07:13:18,897] {taskinstance.py:876} INFO - Dependencies all met for <TaskInstance: example_bash_operator.runme_0 2021-08-04T07:13:15.215984+00:00 [queued]>
[2021-08-04 07:13:18,907] {taskinstance.py:876} INFO - Dependencies all met for <TaskInstance: example_bash_operator.runme_0 2021-08-04T07:13:15.215984+00:00 [queued]>
[2021-08-04 07:13:18,908] {taskinstance.py:1067} INFO - 
--------------------------------------------------------------------------------
[2021-08-04 07:13:18,908] {taskinstance.py:1068} INFO - Starting attempt 1 of 1
[2021-08-04 07:13:18,908] {taskinstance.py:1069} INFO - 
--------------------------------------------------------------------------------
[2021-08-04 07:13:18,931] {taskinstance.py:1087} INFO - Executing <Task(BashOperator): runme_0> on 2021-08-04T07:13:15.215984+00:00
[2021-08-04 07:13:18,934] {standard_task_runner.py:52} INFO - Started process 2156 to run task
[2021-08-04 07:13:18,985] {standard_task_runner.py:76} INFO - Running: ['airflow', 'tasks', 'run', 'example_bash_operator', 'runme_0', '2021-08-04T07:13:15.215984+00:00', '--job-id', '20', '--pool', 'default_pool', '--raw', '--subdir', '/home/airflow/sandbox/lib/python3.8/site-packages/airflow/example_dags/example_bash_operator.py', '--cfg-path', '/tmp/tmphclcdiab', '--error-file', '/tmp/tmpextphvl_']
[2021-08-04 07:13:18,987] {standard_task_runner.py:77} INFO - Job 20: Subtask runme_0
[2021-08-04 07:13:19,115] {logging_mixin.py:104} INFO - Running <TaskInstance: example_bash_operator.runme_0 2021-08-04T07:13:15.215984+00:00 [running]> on host airflowvm
[2021-08-04 07:13:19,196] {taskinstance.py:1280} INFO - Exporting the following env vars:
AIRFLOW_CTX_DAG_OWNER=airflow
AIRFLOW_CTX_DAG_ID=example_bash_operator
AIRFLOW_CTX_TASK_ID=runme_0
AIRFLOW_CTX_EXECUTION_DATE=2021-08-04T07:13:15.215984+00:00
AIRFLOW_CTX_DAG_RUN_ID=manual__2021-08-04T07:13:15.215984+00:00
[2021-08-04 07:13:19,198] {subprocess.py:52} INFO - Tmp dir root location: 
 /tmp
[2021-08-04 07:13:19,199] {subprocess.py:63} INFO - Running command: ['bash', '-c', 'echo "example_bash_operator__runme_0__20210804" && sleep 1']
[2021-08-04 07:13:19,214] {subprocess.py:75} INFO - Output:
[2021-08-04 07:13:19,216] {subprocess.py:79} INFO - example_bash_operator__runme_0__20210804
[2021-08-04 07:13:20,220] {subprocess.py:83} INFO - Command exited with return code 0
[2021-08-04 07:13:20,257] {taskinstance.py:1184} INFO - Marking task as SUCCESS. dag_id=example_bash_operator, task_id=runme_0, execution_date=20210804T071315, start_date=20210804T071318, end_date=20210804T071320
[2021-08-04 07:13:20,282] {taskinstance.py:1245} INFO - 0 downstream tasks scheduled from follow-on schedule check
[2021-08-04 07:13:20,320] {local_task_job.py:151} INFO - Task exited with return code 0
