[2021-08-04 07:10:42,791] {taskinstance.py:876} INFO - Dependencies all met for <TaskInstance: example_bash_operator.also_run_this 2021-08-02T00:00:00+00:00 [queued]>
[2021-08-04 07:10:42,797] {taskinstance.py:876} INFO - Dependencies all met for <TaskInstance: example_bash_operator.also_run_this 2021-08-02T00:00:00+00:00 [queued]>
[2021-08-04 07:10:42,797] {taskinstance.py:1067} INFO - 
--------------------------------------------------------------------------------
[2021-08-04 07:10:42,797] {taskinstance.py:1068} INFO - Starting attempt 1 of 1
[2021-08-04 07:10:42,797] {taskinstance.py:1069} INFO - 
--------------------------------------------------------------------------------
[2021-08-04 07:10:42,811] {taskinstance.py:1087} INFO - Executing <Task(BashOperator): also_run_this> on 2021-08-02T00:00:00+00:00
[2021-08-04 07:10:42,812] {standard_task_runner.py:52} INFO - Started process 1989 to run task
[2021-08-04 07:10:42,818] {standard_task_runner.py:76} INFO - Running: ['airflow', 'tasks', 'run', 'example_bash_operator', 'also_run_this', '2021-08-02T00:00:00+00:00', '--job-id', '11', '--pool', 'default_pool', '--raw', '--subdir', '/home/airflow/sandbox/lib/python3.8/site-packages/airflow/example_dags/example_bash_operator.py', '--cfg-path', '/tmp/tmp7w6u99m9', '--error-file', '/tmp/tmpy5vglat0']
[2021-08-04 07:10:42,819] {standard_task_runner.py:77} INFO - Job 11: Subtask also_run_this
[2021-08-04 07:10:42,855] {logging_mixin.py:104} INFO - Running <TaskInstance: example_bash_operator.also_run_this 2021-08-02T00:00:00+00:00 [running]> on host airflowvm
[2021-08-04 07:10:42,895] {taskinstance.py:1280} INFO - Exporting the following env vars:
AIRFLOW_CTX_DAG_OWNER=airflow
AIRFLOW_CTX_DAG_ID=example_bash_operator
AIRFLOW_CTX_TASK_ID=also_run_this
AIRFLOW_CTX_EXECUTION_DATE=2021-08-02T00:00:00+00:00
AIRFLOW_CTX_DAG_RUN_ID=scheduled__2021-08-02T00:00:00+00:00
[2021-08-04 07:10:42,896] {subprocess.py:52} INFO - Tmp dir root location: 
 /tmp
[2021-08-04 07:10:42,896] {subprocess.py:63} INFO - Running command: ['bash', '-c', 'echo "run_id=scheduled__2021-08-02T00:00:00+00:00 | dag_run=<DagRun example_bash_operator @ 2021-08-02 00:00:00+00:00: scheduled__2021-08-02T00:00:00+00:00, externally triggered: False>"']
[2021-08-04 07:10:42,900] {subprocess.py:75} INFO - Output:
[2021-08-04 07:10:42,902] {subprocess.py:79} INFO - run_id=scheduled__2021-08-02T00:00:00+00:00 | dag_run=<DagRun example_bash_operator @ 2021-08-02 00:00:00+00:00: scheduled__2021-08-02T00:00:00+00:00, externally triggered: False>
[2021-08-04 07:10:42,902] {subprocess.py:83} INFO - Command exited with return code 0
[2021-08-04 07:10:42,919] {taskinstance.py:1184} INFO - Marking task as SUCCESS. dag_id=example_bash_operator, task_id=also_run_this, execution_date=20210802T000000, start_date=20210804T071042, end_date=20210804T071042
[2021-08-04 07:10:42,941] {taskinstance.py:1245} INFO - 0 downstream tasks scheduled from follow-on schedule check
[2021-08-04 07:10:42,968] {local_task_job.py:151} INFO - Task exited with return code 0
