[2021-08-04 07:13:21,351] {taskinstance.py:876} INFO - Dependencies all met for <TaskInstance: example_bash_operator.runme_1 2021-08-04T07:13:15.215984+00:00 [queued]>
[2021-08-04 07:13:21,356] {taskinstance.py:876} INFO - Dependencies all met for <TaskInstance: example_bash_operator.runme_1 2021-08-04T07:13:15.215984+00:00 [queued]>
[2021-08-04 07:13:21,356] {taskinstance.py:1067} INFO - 
--------------------------------------------------------------------------------
[2021-08-04 07:13:21,356] {taskinstance.py:1068} INFO - Starting attempt 1 of 1
[2021-08-04 07:13:21,356] {taskinstance.py:1069} INFO - 
--------------------------------------------------------------------------------
[2021-08-04 07:13:21,373] {taskinstance.py:1087} INFO - Executing <Task(BashOperator): runme_1> on 2021-08-04T07:13:15.215984+00:00
[2021-08-04 07:13:21,374] {standard_task_runner.py:52} INFO - Started process 2160 to run task
[2021-08-04 07:13:21,381] {standard_task_runner.py:76} INFO - Running: ['airflow', 'tasks', 'run', 'example_bash_operator', 'runme_1', '2021-08-04T07:13:15.215984+00:00', '--job-id', '21', '--pool', 'default_pool', '--raw', '--subdir', '/home/airflow/sandbox/lib/python3.8/site-packages/airflow/example_dags/example_bash_operator.py', '--cfg-path', '/tmp/tmp4lc5_wa8', '--error-file', '/tmp/tmpnj5a1pim']
[2021-08-04 07:13:21,382] {standard_task_runner.py:77} INFO - Job 21: Subtask runme_1
[2021-08-04 07:13:21,424] {logging_mixin.py:104} INFO - Running <TaskInstance: example_bash_operator.runme_1 2021-08-04T07:13:15.215984+00:00 [running]> on host airflowvm
[2021-08-04 07:13:21,466] {taskinstance.py:1280} INFO - Exporting the following env vars:
AIRFLOW_CTX_DAG_OWNER=airflow
AIRFLOW_CTX_DAG_ID=example_bash_operator
AIRFLOW_CTX_TASK_ID=runme_1
AIRFLOW_CTX_EXECUTION_DATE=2021-08-04T07:13:15.215984+00:00
AIRFLOW_CTX_DAG_RUN_ID=manual__2021-08-04T07:13:15.215984+00:00
[2021-08-04 07:13:21,466] {subprocess.py:52} INFO - Tmp dir root location: 
 /tmp
[2021-08-04 07:13:21,467] {subprocess.py:63} INFO - Running command: ['bash', '-c', 'echo "example_bash_operator__runme_1__20210804" && sleep 1']
[2021-08-04 07:13:21,470] {subprocess.py:75} INFO - Output:
[2021-08-04 07:13:21,472] {subprocess.py:79} INFO - example_bash_operator__runme_1__20210804
[2021-08-04 07:13:22,474] {subprocess.py:83} INFO - Command exited with return code 0
[2021-08-04 07:13:22,516] {taskinstance.py:1184} INFO - Marking task as SUCCESS. dag_id=example_bash_operator, task_id=runme_1, execution_date=20210804T071315, start_date=20210804T071321, end_date=20210804T071322
[2021-08-04 07:13:22,547] {taskinstance.py:1245} INFO - 0 downstream tasks scheduled from follow-on schedule check
[2021-08-04 07:13:22,550] {local_task_job.py:151} INFO - Task exited with return code 0
