[2021-08-04 07:10:25,394] {taskinstance.py:876} INFO - Dependencies all met for <TaskInstance: example_bash_operator.runme_0 2021-08-01T00:00:00+00:00 [queued]>
[2021-08-04 07:10:25,399] {taskinstance.py:876} INFO - Dependencies all met for <TaskInstance: example_bash_operator.runme_0 2021-08-01T00:00:00+00:00 [queued]>
[2021-08-04 07:10:25,400] {taskinstance.py:1067} INFO - 
--------------------------------------------------------------------------------
[2021-08-04 07:10:25,400] {taskinstance.py:1068} INFO - Starting attempt 1 of 1
[2021-08-04 07:10:25,400] {taskinstance.py:1069} INFO - 
--------------------------------------------------------------------------------
[2021-08-04 07:10:25,417] {taskinstance.py:1087} INFO - Executing <Task(BashOperator): runme_0> on 2021-08-01T00:00:00+00:00
[2021-08-04 07:10:25,419] {standard_task_runner.py:52} INFO - Started process 1952 to run task
[2021-08-04 07:10:25,426] {standard_task_runner.py:76} INFO - Running: ['airflow', 'tasks', 'run', 'example_bash_operator', 'runme_0', '2021-08-01T00:00:00+00:00', '--job-id', '2', '--pool', 'default_pool', '--raw', '--subdir', '/home/airflow/sandbox/lib/python3.8/site-packages/airflow/example_dags/example_bash_operator.py', '--cfg-path', '/tmp/tmpc5mcu03d', '--error-file', '/tmp/tmph1tb9qqw']
[2021-08-04 07:10:25,427] {standard_task_runner.py:77} INFO - Job 2: Subtask runme_0
[2021-08-04 07:10:25,460] {logging_mixin.py:104} INFO - Running <TaskInstance: example_bash_operator.runme_0 2021-08-01T00:00:00+00:00 [running]> on host airflowvm
[2021-08-04 07:10:25,529] {taskinstance.py:1280} INFO - Exporting the following env vars:
AIRFLOW_CTX_DAG_OWNER=airflow
AIRFLOW_CTX_DAG_ID=example_bash_operator
AIRFLOW_CTX_TASK_ID=runme_0
AIRFLOW_CTX_EXECUTION_DATE=2021-08-01T00:00:00+00:00
AIRFLOW_CTX_DAG_RUN_ID=scheduled__2021-08-01T00:00:00+00:00
[2021-08-04 07:10:25,530] {subprocess.py:52} INFO - Tmp dir root location: 
 /tmp
[2021-08-04 07:10:25,531] {subprocess.py:63} INFO - Running command: ['bash', '-c', 'echo "example_bash_operator__runme_0__20210801" && sleep 1']
[2021-08-04 07:10:25,544] {subprocess.py:75} INFO - Output:
[2021-08-04 07:10:25,545] {subprocess.py:79} INFO - example_bash_operator__runme_0__20210801
[2021-08-04 07:10:26,549] {subprocess.py:83} INFO - Command exited with return code 0
[2021-08-04 07:10:26,589] {taskinstance.py:1184} INFO - Marking task as SUCCESS. dag_id=example_bash_operator, task_id=runme_0, execution_date=20210801T000000, start_date=20210804T071025, end_date=20210804T071026
[2021-08-04 07:10:26,614] {taskinstance.py:1245} INFO - 0 downstream tasks scheduled from follow-on schedule check
[2021-08-04 07:10:26,648] {local_task_job.py:151} INFO - Task exited with return code 0
